{"C:\\WorkSpace\\PPT\\make-ppt-great-again\\backend\\src\\index.ts": {"path":"C:\\WorkSpace\\PPT\\make-ppt-great-again\\backend\\src\\index.ts","statementMap":{"0":{"start":{"line":13,"column":12},"end":{"line":13,"column":21}},"1":{"start":{"line":14,"column":15},"end":{"line":14,"column":32}},"2":{"start":{"line":17,"column":0},"end":{"line":22,"column":4}},"3":{"start":{"line":23,"column":0},"end":{"line":23,"column":24}},"4":{"start":{"line":26,"column":0},"end":{"line":26,"column":33}},"5":{"start":{"line":29,"column":0},"end":{"line":29,"column":58}},"6":{"start":{"line":30,"column":0},"end":{"line":30,"column":60}},"7":{"start":{"line":31,"column":0},"end":{"line":31,"column":49}},"8":{"start":{"line":34,"column":0},"end":{"line":34,"column":23}},"9":{"start":{"line":36,"column":13},"end":{"line":36,"column":37}},"10":{"start":{"line":39,"column":0},"end":{"line":57,"column":5}},"11":{"start":{"line":40,"column":2},"end":{"line":56,"column":3}},"12":{"start":{"line":42,"column":4},"end":{"line":42,"column":38}},"13":{"start":{"line":43,"column":4},"end":{"line":43,"column":46}},"14":{"start":{"line":46,"column":4},"end":{"line":46,"column":38}},"15":{"start":{"line":47,"column":4},"end":{"line":47,"column":47}},"16":{"start":{"line":50,"column":4},"end":{"line":52,"column":7}},"17":{"start":{"line":51,"column":6},"end":{"line":51,"column":52}},"18":{"start":{"line":54,"column":4},"end":{"line":54,"column":57}},"19":{"start":{"line":55,"column":4},"end":{"line":55,"column":20}},"20":{"start":{"line":60,"column":0},"end":{"line":63,"column":3}},"21":{"start":{"line":61,"column":2},"end":{"line":61,"column":36}},"22":{"start":{"line":62,"column":2},"end":{"line":62,"column":17}}},"fnMap":{"0":{"name":"(anonymous_0)","decl":{"start":{"line":39,"column":1},"end":{"line":39,"column":6}},"loc":{"start":{"line":39,"column":12},"end":{"line":57,"column":1}}},"1":{"name":"(anonymous_1)","decl":{"start":{"line":50,"column":24},"end":{"line":50,"column":27}},"loc":{"start":{"line":50,"column":29},"end":{"line":52,"column":5}}},"2":{"name":"(anonymous_2)","decl":{"start":{"line":60,"column":22},"end":{"line":60,"column":25}},"loc":{"start":{"line":60,"column":27},"end":{"line":63,"column":1}}}},"branchMap":{"0":{"loc":{"start":{"line":18,"column":10},"end":{"line":18,"column":61}},"type":"binary-expr","locations":[{"start":{"line":18,"column":10},"end":{"line":18,"column":34}},{"start":{"line":18,"column":38},"end":{"line":18,"column":61}}]},"1":{"loc":{"start":{"line":36,"column":13},"end":{"line":36,"column":37}},"type":"binary-expr","locations":[{"start":{"line":36,"column":13},"end":{"line":36,"column":29}},{"start":{"line":36,"column":33},"end":{"line":36,"column":37}}]}},"s":{"0":0,"1":0,"2":0,"3":0,"4":0,"5":0,"6":0,"7":0,"8":0,"9":0,"10":0,"11":0,"12":0,"13":0,"14":0,"15":0,"16":0,"17":0,"18":0,"19":0,"20":0,"21":0,"22":0},"f":{"0":0,"1":0,"2":0},"b":{"0":[0,0],"1":[0,0]}}
,"C:\\WorkSpace\\PPT\\make-ppt-great-again\\backend\\src\\middleware\\auth.ts": {"path":"C:\\WorkSpace\\PPT\\make-ppt-great-again\\backend\\src\\middleware\\auth.ts","statementMap":{"0":{"start":{"line":5,"column":21},"end":{"line":6,"column":null}},"1":{"start":{"line":10,"column":21},"end":{"line":10,"column":49}},"2":{"start":{"line":11,"column":16},"end":{"line":11,"column":54}},"3":{"start":{"line":13,"column":2},"end":{"line":16,"column":3}},"4":{"start":{"line":14,"column":4},"end":{"line":14,"column":61}},"5":{"start":{"line":15,"column":4},"end":{"line":15,"column":11}},"6":{"start":{"line":18,"column":2},"end":{"line":24,"column":3}},"7":{"start":{"line":19,"column":17},"end":{"line":19,"column":48}},"8":{"start":{"line":20,"column":4},"end":{"line":20,"column":20}},"9":{"start":{"line":21,"column":4},"end":{"line":21,"column":11}},"10":{"start":{"line":23,"column":4},"end":{"line":23,"column":64}},"11":{"start":{"line":28,"column":2},"end":{"line":28,"column":45}}},"fnMap":{"0":{"name":"authenticateToken","decl":{"start":{"line":9,"column":16},"end":{"line":9,"column":33}},"loc":{"start":{"line":9,"column":85},"end":{"line":25,"column":1}}},"1":{"name":"generateAuthToken","decl":{"start":{"line":27,"column":16},"end":{"line":27,"column":33}},"loc":{"start":{"line":27,"column":55},"end":{"line":29,"column":1}}}},"branchMap":{"0":{"loc":{"start":{"line":6,"column":2},"end":{"line":6,"column":65}},"type":"binary-expr","locations":[{"start":{"line":6,"column":2},"end":{"line":6,"column":24}},{"start":{"line":6,"column":28},"end":{"line":6,"column":65}}]},"1":{"loc":{"start":{"line":11,"column":16},"end":{"line":11,"column":54}},"type":"binary-expr","locations":[{"start":{"line":11,"column":16},"end":{"line":11,"column":26}},{"start":{"line":11,"column":30},"end":{"line":11,"column":54}}]},"2":{"loc":{"start":{"line":13,"column":2},"end":{"line":16,"column":3}},"type":"if","locations":[{"start":{"line":13,"column":2},"end":{"line":16,"column":3}},{"start":{},"end":{}}]}},"s":{"0":1,"1":0,"2":0,"3":0,"4":0,"5":0,"6":0,"7":0,"8":0,"9":0,"10":0,"11":2},"f":{"0":0,"1":2},"b":{"0":[1,1],"1":[0,0],"2":[0,0]}}
,"C:\\WorkSpace\\PPT\\make-ppt-great-again\\backend\\src\\middleware\\wsHandler.ts": {"path":"C:\\WorkSpace\\PPT\\make-ppt-great-again\\backend\\src\\middleware\\wsHandler.ts","statementMap":{"0":{"start":{"line":13,"column":14},"end":{"line":13,"column":58}},"1":{"start":{"line":15,"column":2},"end":{"line":77,"column":5}},"2":{"start":{"line":16,"column":40},"end":{"line":16,"column":44}},"3":{"start":{"line":17,"column":42},"end":{"line":17,"column":46}},"4":{"start":{"line":19,"column":4},"end":{"line":19,"column":44}},"5":{"start":{"line":22,"column":5},"end":{"line":22,"column":31}},"6":{"start":{"line":23,"column":4},"end":{"line":25,"column":7}},"7":{"start":{"line":24,"column":7},"end":{"line":24,"column":33}},"8":{"start":{"line":27,"column":4},"end":{"line":69,"column":7}},"9":{"start":{"line":28,"column":6},"end":{"line":68,"column":7}},"10":{"start":{"line":29,"column":8},"end":{"line":29,"column":68}},"11":{"start":{"line":30,"column":31},"end":{"line":30,"column":58}},"12":{"start":{"line":31,"column":8},"end":{"line":31,"column":44}},"13":{"start":{"line":34,"column":8},"end":{"line":46,"column":9}},"14":{"start":{"line":35,"column":10},"end":{"line":35,"column":39}},"15":{"start":{"line":36,"column":10},"end":{"line":36,"column":43}},"16":{"start":{"line":37,"column":10},"end":{"line":37,"column":70}},"17":{"start":{"line":38,"column":10},"end":{"line":38,"column":57}},"18":{"start":{"line":41,"column":10},"end":{"line":44,"column":14}},"19":{"start":{"line":45,"column":10},"end":{"line":45,"column":17}},"20":{"start":{"line":48,"column":8},"end":{"line":61,"column":9}},"21":{"start":{"line":49,"column":10},"end":{"line":49,"column":39}},"22":{"start":{"line":50,"column":10},"end":{"line":50,"column":43}},"23":{"start":{"line":51,"column":10},"end":{"line":51,"column":75}},"24":{"start":{"line":54,"column":10},"end":{"line":54,"column":66}},"25":{"start":{"line":55,"column":10},"end":{"line":60,"column":12}},"26":{"start":{"line":63,"column":8},"end":{"line":63,"column":68}},"27":{"start":{"line":64,"column":8},"end":{"line":67,"column":12}},"28":{"start":{"line":71,"column":4},"end":{"line":76,"column":7}},"29":{"start":{"line":72,"column":6},"end":{"line":74,"column":7}},"30":{"start":{"line":73,"column":8},"end":{"line":73,"column":60}},"31":{"start":{"line":75,"column":6},"end":{"line":75,"column":49}},"32":{"start":{"line":80,"column":19},"end":{"line":88,"column":11}},"33":{"start":{"line":81,"column":4},"end":{"line":87,"column":7}},"34":{"start":{"line":82,"column":6},"end":{"line":84,"column":7}},"35":{"start":{"line":83,"column":8},"end":{"line":83,"column":30}},"36":{"start":{"line":85,"column":6},"end":{"line":85,"column":25}},"37":{"start":{"line":86,"column":6},"end":{"line":86,"column":16}},"38":{"start":{"line":90,"column":2},"end":{"line":92,"column":5}},"39":{"start":{"line":91,"column":4},"end":{"line":91,"column":28}},"40":{"start":{"line":94,"column":2},"end":{"line":94,"column":13}}},"fnMap":{"0":{"name":"setupWebSocket","decl":{"start":{"line":12,"column":16},"end":{"line":12,"column":30}},"loc":{"start":{"line":12,"column":45},"end":{"line":95,"column":1}}},"1":{"name":"(anonymous_1)","decl":{"start":{"line":15,"column":23},"end":{"line":15,"column":24}},"loc":{"start":{"line":15,"column":41},"end":{"line":77,"column":3}}},"2":{"name":"(anonymous_2)","decl":{"start":{"line":23,"column":18},"end":{"line":23,"column":21}},"loc":{"start":{"line":23,"column":23},"end":{"line":25,"column":5}}},"3":{"name":"(anonymous_3)","decl":{"start":{"line":27,"column":21},"end":{"line":27,"column":26}},"loc":{"start":{"line":27,"column":44},"end":{"line":69,"column":5}}},"4":{"name":"(anonymous_4)","decl":{"start":{"line":71,"column":19},"end":{"line":71,"column":22}},"loc":{"start":{"line":71,"column":24},"end":{"line":76,"column":5}}},"5":{"name":"(anonymous_5)","decl":{"start":{"line":80,"column":31},"end":{"line":80,"column":34}},"loc":{"start":{"line":80,"column":36},"end":{"line":88,"column":3}}},"6":{"name":"(anonymous_6)","decl":{"start":{"line":81,"column":24},"end":{"line":81,"column":25}},"loc":{"start":{"line":81,"column":36},"end":{"line":87,"column":5}}},"7":{"name":"(anonymous_7)","decl":{"start":{"line":90,"column":18},"end":{"line":90,"column":21}},"loc":{"start":{"line":90,"column":23},"end":{"line":92,"column":3}}}},"branchMap":{"0":{"loc":{"start":{"line":34,"column":8},"end":{"line":46,"column":9}},"type":"if","locations":[{"start":{"line":34,"column":8},"end":{"line":46,"column":9}},{"start":{},"end":{}}]},"1":{"loc":{"start":{"line":34,"column":12},"end":{"line":34,"column":67}},"type":"binary-expr","locations":[{"start":{"line":34,"column":12},"end":{"line":34,"column":35}},{"start":{"line":34,"column":39},"end":{"line":34,"column":50}},{"start":{"line":34,"column":54},"end":{"line":34,"column":67}}]},"2":{"loc":{"start":{"line":48,"column":8},"end":{"line":61,"column":9}},"type":"if","locations":[{"start":{"line":48,"column":8},"end":{"line":61,"column":9}},{"start":{},"end":{}}]},"3":{"loc":{"start":{"line":48,"column":12},"end":{"line":48,"column":46}},"type":"binary-expr","locations":[{"start":{"line":48,"column":12},"end":{"line":48,"column":31}},{"start":{"line":48,"column":35},"end":{"line":48,"column":46}}]},"4":{"loc":{"start":{"line":58,"column":12},"end":{"line":58,"column":29}},"type":"binary-expr","locations":[{"start":{"line":58,"column":12},"end":{"line":58,"column":23}},{"start":{"line":58,"column":27},"end":{"line":58,"column":29}}]},"5":{"loc":{"start":{"line":72,"column":6},"end":{"line":74,"column":7}},"type":"if","locations":[{"start":{"line":72,"column":6},"end":{"line":74,"column":7}},{"start":{},"end":{}}]},"6":{"loc":{"start":{"line":82,"column":6},"end":{"line":84,"column":7}},"type":"if","locations":[{"start":{"line":82,"column":6},"end":{"line":84,"column":7}},{"start":{},"end":{}}]}},"s":{"0":0,"1":0,"2":0,"3":0,"4":0,"5":0,"6":0,"7":0,"8":0,"9":0,"10":0,"11":0,"12":0,"13":0,"14":0,"15":0,"16":0,"17":0,"18":0,"19":0,"20":0,"21":0,"22":0,"23":0,"24":0,"25":0,"26":0,"27":0,"28":0,"29":0,"30":0,"31":0,"32":0,"33":0,"34":0,"35":0,"36":0,"37":0,"38":0,"39":0,"40":0},"f":{"0":0,"1":0,"2":0,"3":0,"4":0,"5":0,"6":0,"7":0},"b":{"0":[0,0],"1":[0,0,0],"2":[0,0],"3":[0,0],"4":[0,0],"5":[0,0],"6":[0,0]}}
,"C:\\WorkSpace\\PPT\\make-ppt-great-again\\backend\\src\\routes\\auth.ts": {"path":"C:\\WorkSpace\\PPT\\make-ppt-great-again\\backend\\src\\routes\\auth.ts","statementMap":{"0":{"start":{"line":5,"column":15},"end":{"line":5,"column":31}},"1":{"start":{"line":13,"column":21},"end":{"line":17,"column":1}},"2":{"start":{"line":14,"column":2},"end":{"line":16,"column":4}},"3":{"start":{"line":15,"column":4},"end":{"line":15,"column":52}},"4":{"start":{"line":20,"column":0},"end":{"line":37,"column":4}},"5":{"start":{"line":21,"column":33},"end":{"line":21,"column":41}},"6":{"start":{"line":23,"column":2},"end":{"line":26,"column":3}},"7":{"start":{"line":24,"column":4},"end":{"line":24,"column":70}},"8":{"start":{"line":25,"column":4},"end":{"line":25,"column":11}},"9":{"start":{"line":28,"column":18},"end":{"line":28,"column":68}},"10":{"start":{"line":30,"column":2},"end":{"line":33,"column":3}},"11":{"start":{"line":31,"column":4},"end":{"line":31,"column":59}},"12":{"start":{"line":32,"column":4},"end":{"line":32,"column":11}},"13":{"start":{"line":35,"column":16},"end":{"line":35,"column":55}},"14":{"start":{"line":36,"column":2},"end":{"line":36,"column":32}},"15":{"start":{"line":40,"column":0},"end":{"line":65,"column":4}},"16":{"start":{"line":41,"column":33},"end":{"line":41,"column":41}},"17":{"start":{"line":43,"column":2},"end":{"line":46,"column":3}},"18":{"start":{"line":44,"column":4},"end":{"line":44,"column":70}},"19":{"start":{"line":45,"column":4},"end":{"line":45,"column":11}},"20":{"start":{"line":48,"column":2},"end":{"line":51,"column":3}},"21":{"start":{"line":49,"column":4},"end":{"line":49,"column":78}},"22":{"start":{"line":50,"column":4},"end":{"line":50,"column":11}},"23":{"start":{"line":53,"column":2},"end":{"line":64,"column":3}},"24":{"start":{"line":54,"column":4},"end":{"line":54,"column":53}},"25":{"start":{"line":55,"column":18},"end":{"line":55,"column":57}},"26":{"start":{"line":57,"column":4},"end":{"line":57,"column":46}},"27":{"start":{"line":59,"column":4},"end":{"line":62,"column":5}},"28":{"start":{"line":60,"column":6},"end":{"line":60,"column":65}},"29":{"start":{"line":61,"column":6},"end":{"line":61,"column":13}},"30":{"start":{"line":63,"column":4},"end":{"line":63,"column":16}}},"fnMap":{"0":{"name":"(anonymous_0)","decl":{"start":{"line":13,"column":21},"end":{"line":13,"column":22}},"loc":{"start":{"line":13,"column":42},"end":{"line":17,"column":1}}},"1":{"name":"(anonymous_1)","decl":{"start":{"line":14,"column":9},"end":{"line":14,"column":10}},"loc":{"start":{"line":14,"column":61},"end":{"line":16,"column":3}}},"2":{"name":"(anonymous_2)","decl":{"start":{"line":20,"column":35},"end":{"line":20,"column":40}},"loc":{"start":{"line":20,"column":54},"end":{"line":37,"column":1}}},"3":{"name":"(anonymous_3)","decl":{"start":{"line":40,"column":38},"end":{"line":40,"column":43}},"loc":{"start":{"line":40,"column":57},"end":{"line":65,"column":1}}}},"branchMap":{"0":{"loc":{"start":{"line":23,"column":2},"end":{"line":26,"column":3}},"type":"if","locations":[{"start":{"line":23,"column":2},"end":{"line":26,"column":3}},{"start":{},"end":{}}]},"1":{"loc":{"start":{"line":23,"column":6},"end":{"line":23,"column":28}},"type":"binary-expr","locations":[{"start":{"line":23,"column":6},"end":{"line":23,"column":15}},{"start":{"line":23,"column":19},"end":{"line":23,"column":28}}]},"2":{"loc":{"start":{"line":30,"column":2},"end":{"line":33,"column":3}},"type":"if","locations":[{"start":{"line":30,"column":2},"end":{"line":33,"column":3}},{"start":{},"end":{}}]},"3":{"loc":{"start":{"line":43,"column":2},"end":{"line":46,"column":3}},"type":"if","locations":[{"start":{"line":43,"column":2},"end":{"line":46,"column":3}},{"start":{},"end":{}}]},"4":{"loc":{"start":{"line":43,"column":6},"end":{"line":43,"column":28}},"type":"binary-expr","locations":[{"start":{"line":43,"column":6},"end":{"line":43,"column":15}},{"start":{"line":43,"column":19},"end":{"line":43,"column":28}}]},"5":{"loc":{"start":{"line":48,"column":2},"end":{"line":51,"column":3}},"type":"if","locations":[{"start":{"line":48,"column":2},"end":{"line":51,"column":3}},{"start":{},"end":{}}]},"6":{"loc":{"start":{"line":59,"column":4},"end":{"line":62,"column":5}},"type":"if","locations":[{"start":{"line":59,"column":4},"end":{"line":62,"column":5}},{"start":{},"end":{}}]}},"s":{"0":1,"1":1,"2":2,"3":6,"4":1,"5":3,"6":3,"7":1,"8":1,"9":2,"10":2,"11":1,"12":1,"13":1,"14":1,"15":1,"16":3,"17":3,"18":0,"19":0,"20":3,"21":1,"22":1,"23":2,"24":2,"25":1,"26":1,"27":1,"28":1,"29":1,"30":0},"f":{"0":2,"1":6,"2":3,"3":3},"b":{"0":[1,2],"1":[3,3],"2":[1,1],"3":[0,3],"4":[3,3],"5":[1,2],"6":[1,0]}}
,"C:\\WorkSpace\\PPT\\make-ppt-great-again\\backend\\src\\routes\\project.ts": {"path":"C:\\WorkSpace\\PPT\\make-ppt-great-again\\backend\\src\\routes\\project.ts","statementMap":{"0":{"start":{"line":4,"column":15},"end":{"line":4,"column":31}},"1":{"start":{"line":7,"column":0},"end":{"line":11,"column":3}},"2":{"start":{"line":8,"column":22},"end":{"line":8,"column":30}},"3":{"start":{"line":9,"column":16},"end":{"line":9,"column":55}},"4":{"start":{"line":10,"column":2},"end":{"line":10,"column":72}},"5":{"start":{"line":14,"column":0},"end":{"line":21,"column":3}},"6":{"start":{"line":15,"column":2},"end":{"line":20,"column":3}},"7":{"start":{"line":16,"column":21},"end":{"line":16,"column":53}},"8":{"start":{"line":17,"column":4},"end":{"line":17,"column":48}},"9":{"start":{"line":19,"column":4},"end":{"line":19,"column":77}}},"fnMap":{"0":{"name":"(anonymous_0)","decl":{"start":{"line":7,"column":33},"end":{"line":7,"column":34}},"loc":{"start":{"line":7,"column":46},"end":{"line":11,"column":1}}},"1":{"name":"(anonymous_1)","decl":{"start":{"line":14,"column":24},"end":{"line":14,"column":25}},"loc":{"start":{"line":14,"column":37},"end":{"line":21,"column":1}}}},"branchMap":{},"s":{"0":0,"1":0,"2":0,"3":0,"4":0,"5":0,"6":0,"7":0,"8":0,"9":0},"f":{"0":0,"1":0},"b":{}}
,"C:\\WorkSpace\\PPT\\make-ppt-great-again\\backend\\src\\routes\\projects.ts": {"path":"C:\\WorkSpace\\PPT\\make-ppt-great-again\\backend\\src\\routes\\projects.ts","statementMap":{"0":{"start":{"line":26,"column":15},"end":{"line":26,"column":31}},"1":{"start":{"line":29,"column":0},"end":{"line":76,"column":3}},"2":{"start":{"line":30,"column":2},"end":{"line":75,"column":3}},"3":{"start":{"line":32,"column":4},"end":{"line":34,"column":5}},"4":{"start":{"line":33,"column":6},"end":{"line":33,"column":73}},"5":{"start":{"line":36,"column":31},"end":{"line":36,"column":39}},"6":{"start":{"line":38,"column":4},"end":{"line":40,"column":5}},"7":{"start":{"line":39,"column":6},"end":{"line":39,"column":94}},"8":{"start":{"line":42,"column":4},"end":{"line":44,"column":5}},"9":{"start":{"line":43,"column":6},"end":{"line":43,"column":74}},"10":{"start":{"line":46,"column":24},"end":{"line":46,"column":78}},"11":{"start":{"line":49,"column":26},"end":{"line":53,"column":13}},"12":{"start":{"line":55,"column":24},"end":{"line":57,"column":73}},"13":{"start":{"line":59,"column":4},"end":{"line":65,"column":7}},"14":{"start":{"line":67,"column":21},"end":{"line":67,"column":44}},"15":{"start":{"line":68,"column":4},"end":{"line":68,"column":54}},"16":{"start":{"line":70,"column":4},"end":{"line":72,"column":5}},"17":{"start":{"line":71,"column":6},"end":{"line":71,"column":54}},"18":{"start":{"line":74,"column":4},"end":{"line":74,"column":75}},"19":{"start":{"line":79,"column":0},"end":{"line":92,"column":3}},"20":{"start":{"line":80,"column":2},"end":{"line":91,"column":3}},"21":{"start":{"line":81,"column":21},"end":{"line":81,"column":56}},"22":{"start":{"line":83,"column":4},"end":{"line":86,"column":7}},"23":{"start":{"line":88,"column":21},"end":{"line":88,"column":44}},"24":{"start":{"line":89,"column":4},"end":{"line":89,"column":53}},"25":{"start":{"line":90,"column":4},"end":{"line":90,"column":74}},"26":{"start":{"line":95,"column":0},"end":{"line":173,"column":3}},"27":{"start":{"line":96,"column":2},"end":{"line":172,"column":3}},"28":{"start":{"line":97,"column":28},"end":{"line":97,"column":37}},"29":{"start":{"line":99,"column":4},"end":{"line":101,"column":5}},"30":{"start":{"line":100,"column":6},"end":{"line":100,"column":73}},"31":{"start":{"line":104,"column":24},"end":{"line":104,"column":55}},"32":{"start":{"line":105,"column":27},"end":{"line":105,"column":54}},"33":{"start":{"line":108,"column":4},"end":{"line":110,"column":5}},"34":{"start":{"line":109,"column":6},"end":{"line":109,"column":69}},"35":{"start":{"line":112,"column":24},"end":{"line":112,"column":72}},"36":{"start":{"line":115,"column":22},"end":{"line":115,"column":57}},"37":{"start":{"line":116,"column":28},"end":{"line":116,"column":30}},"38":{"start":{"line":118,"column":4},"end":{"line":145,"column":5}},"39":{"start":{"line":119,"column":22},"end":{"line":119,"column":74}},"40":{"start":{"line":121,"column":6},"end":{"line":142,"column":7}},"41":{"start":{"line":122,"column":8},"end":{"line":141,"column":9}},"42":{"start":{"line":123,"column":28},"end":{"line":123,"column":60}},"43":{"start":{"line":124,"column":31},"end":{"line":124,"column":64}},"44":{"start":{"line":125,"column":27},"end":{"line":125,"column":60}},"45":{"start":{"line":127,"column":10},"end":{"line":140,"column":11}},"46":{"start":{"line":128,"column":42},"end":{"line":131,"column":14}},"47":{"start":{"line":133,"column":12},"end":{"line":137,"column":15}},"48":{"start":{"line":139,"column":12},"end":{"line":139,"column":71}},"49":{"start":{"line":144,"column":6},"end":{"line":144,"column":74}},"50":{"start":{"line":148,"column":26},"end":{"line":150,"column":22}},"51":{"start":{"line":149,"column":17},"end":{"line":149,"column":46}},"52":{"start":{"line":149,"column":34},"end":{"line":149,"column":45}},"53":{"start":{"line":152,"column":4},"end":{"line":158,"column":7}},"54":{"start":{"line":160,"column":21},"end":{"line":160,"column":44}},"55":{"start":{"line":161,"column":4},"end":{"line":161,"column":52}},"56":{"start":{"line":163,"column":4},"end":{"line":165,"column":5}},"57":{"start":{"line":164,"column":6},"end":{"line":164,"column":54}},"58":{"start":{"line":167,"column":4},"end":{"line":169,"column":5}},"59":{"start":{"line":168,"column":6},"end":{"line":168,"column":54}},"60":{"start":{"line":171,"column":4},"end":{"line":171,"column":73}},"61":{"start":{"line":176,"column":0},"end":{"line":189,"column":3}},"62":{"start":{"line":177,"column":2},"end":{"line":188,"column":3}},"63":{"start":{"line":178,"column":26},"end":{"line":178,"column":59}},"64":{"start":{"line":180,"column":4},"end":{"line":183,"column":7}},"65":{"start":{"line":185,"column":21},"end":{"line":185,"column":44}},"66":{"start":{"line":186,"column":4},"end":{"line":186,"column":58}},"67":{"start":{"line":187,"column":4},"end":{"line":187,"column":79}},"68":{"start":{"line":192,"column":0},"end":{"line":216,"column":3}},"69":{"start":{"line":193,"column":2},"end":{"line":215,"column":3}},"70":{"start":{"line":195,"column":4},"end":{"line":197,"column":5}},"71":{"start":{"line":196,"column":6},"end":{"line":196,"column":73}},"72":{"start":{"line":199,"column":30},"end":{"line":199,"column":38}},"73":{"start":{"line":201,"column":4},"end":{"line":203,"column":5}},"74":{"start":{"line":202,"column":6},"end":{"line":202,"column":96}},"75":{"start":{"line":205,"column":4},"end":{"line":205,"column":51}},"76":{"start":{"line":207,"column":4},"end":{"line":210,"column":7}},"77":{"start":{"line":212,"column":21},"end":{"line":212,"column":44}},"78":{"start":{"line":213,"column":4},"end":{"line":213,"column":58}},"79":{"start":{"line":214,"column":4},"end":{"line":214,"column":79}},"80":{"start":{"line":219,"column":0},"end":{"line":303,"column":3}},"81":{"start":{"line":220,"column":2},"end":{"line":302,"column":3}},"82":{"start":{"line":222,"column":4},"end":{"line":224,"column":5}},"83":{"start":{"line":223,"column":6},"end":{"line":223,"column":73}},"84":{"start":{"line":226,"column":49},"end":{"line":226,"column":57}},"85":{"start":{"line":228,"column":4},"end":{"line":230,"column":5}},"86":{"start":{"line":229,"column":6},"end":{"line":229,"column":94}},"87":{"start":{"line":232,"column":4},"end":{"line":234,"column":5}},"88":{"start":{"line":233,"column":6},"end":{"line":233,"column":95}},"89":{"start":{"line":236,"column":4},"end":{"line":238,"column":5}},"90":{"start":{"line":237,"column":6},"end":{"line":237,"column":72}},"91":{"start":{"line":241,"column":27},"end":{"line":241,"column":54}},"92":{"start":{"line":242,"column":4},"end":{"line":244,"column":5}},"93":{"start":{"line":243,"column":6},"end":{"line":243,"column":69}},"94":{"start":{"line":246,"column":4},"end":{"line":250,"column":5}},"95":{"start":{"line":247,"column":6},"end":{"line":247,"column":38}},"96":{"start":{"line":249,"column":6},"end":{"line":249,"column":66}},"97":{"start":{"line":253,"column":4},"end":{"line":256,"column":7}},"98":{"start":{"line":259,"column":21},"end":{"line":259,"column":23}},"99":{"start":{"line":260,"column":4},"end":{"line":277,"column":5}},"100":{"start":{"line":261,"column":24},"end":{"line":261,"column":69}},"101":{"start":{"line":262,"column":27},"end":{"line":262,"column":60}},"102":{"start":{"line":263,"column":23},"end":{"line":263,"column":56}},"103":{"start":{"line":265,"column":6},"end":{"line":265,"column":53}},"104":{"start":{"line":268,"column":6},"end":{"line":268,"column":76}},"105":{"start":{"line":271,"column":6},"end":{"line":274,"column":19}},"106":{"start":{"line":276,"column":6},"end":{"line":276,"column":30}},"107":{"start":{"line":280,"column":24},"end":{"line":283,"column":6}},"108":{"start":{"line":285,"column":4},"end":{"line":292,"column":7}},"109":{"start":{"line":294,"column":21},"end":{"line":294,"column":44}},"110":{"start":{"line":295,"column":4},"end":{"line":295,"column":52}},"111":{"start":{"line":297,"column":4},"end":{"line":299,"column":5}},"112":{"start":{"line":298,"column":6},"end":{"line":298,"column":54}},"113":{"start":{"line":301,"column":4},"end":{"line":301,"column":73}}},"fnMap":{"0":{"name":"(anonymous_0)","decl":{"start":{"line":29,"column":23},"end":{"line":29,"column":28}},"loc":{"start":{"line":29,"column":42},"end":{"line":76,"column":1}}},"1":{"name":"(anonymous_1)","decl":{"start":{"line":79,"column":20},"end":{"line":79,"column":25}},"loc":{"start":{"line":79,"column":39},"end":{"line":92,"column":1}}},"2":{"name":"(anonymous_2)","decl":{"start":{"line":95,"column":20},"end":{"line":95,"column":25}},"loc":{"start":{"line":95,"column":39},"end":{"line":173,"column":1}}},"3":{"name":"(anonymous_3)","decl":{"start":{"line":149,"column":11},"end":{"line":149,"column":13}},"loc":{"start":{"line":149,"column":17},"end":{"line":149,"column":46}}},"4":{"name":"(anonymous_4)","decl":{"start":{"line":149,"column":29},"end":{"line":149,"column":30}},"loc":{"start":{"line":149,"column":34},"end":{"line":149,"column":45}}},"5":{"name":"(anonymous_5)","decl":{"start":{"line":176,"column":25},"end":{"line":176,"column":26}},"loc":{"start":{"line":176,"column":38},"end":{"line":189,"column":1}}},"6":{"name":"(anonymous_6)","decl":{"start":{"line":192,"column":25},"end":{"line":192,"column":30}},"loc":{"start":{"line":192,"column":44},"end":{"line":216,"column":1}}},"7":{"name":"(anonymous_7)","decl":{"start":{"line":219,"column":21},"end":{"line":219,"column":26}},"loc":{"start":{"line":219,"column":40},"end":{"line":303,"column":1}}}},"branchMap":{"0":{"loc":{"start":{"line":32,"column":4},"end":{"line":34,"column":5}},"type":"if","locations":[{"start":{"line":32,"column":4},"end":{"line":34,"column":5}},{"start":{},"end":{}}]},"1":{"loc":{"start":{"line":32,"column":8},"end":{"line":32,"column":49}},"type":"binary-expr","locations":[{"start":{"line":32,"column":8},"end":{"line":32,"column":17}},{"start":{"line":32,"column":21},"end":{"line":32,"column":49}}]},"2":{"loc":{"start":{"line":38,"column":4},"end":{"line":40,"column":5}},"type":"if","locations":[{"start":{"line":38,"column":4},"end":{"line":40,"column":5}},{"start":{},"end":{}}]},"3":{"loc":{"start":{"line":38,"column":8},"end":{"line":38,"column":41}},"type":"binary-expr","locations":[{"start":{"line":38,"column":8},"end":{"line":38,"column":13}},{"start":{"line":38,"column":17},"end":{"line":38,"column":41}}]},"4":{"loc":{"start":{"line":42,"column":4},"end":{"line":44,"column":5}},"type":"if","locations":[{"start":{"line":42,"column":4},"end":{"line":44,"column":5}},{"start":{},"end":{}}]},"5":{"loc":{"start":{"line":42,"column":8},"end":{"line":42,"column":62}},"type":"binary-expr","locations":[{"start":{"line":42,"column":8},"end":{"line":42,"column":30}},{"start":{"line":42,"column":34},"end":{"line":42,"column":62}}]},"6":{"loc":{"start":{"line":55,"column":24},"end":{"line":57,"column":73}},"type":"cond-expr","locations":[{"start":{"line":56,"column":8},"end":{"line":56,"column":42}},{"start":{"line":57,"column":8},"end":{"line":57,"column":73}}]},"7":{"loc":{"start":{"line":70,"column":4},"end":{"line":72,"column":5}},"type":"if","locations":[{"start":{"line":70,"column":4},"end":{"line":72,"column":5}},{"start":{},"end":{}}]},"8":{"loc":{"start":{"line":74,"column":34},"end":{"line":74,"column":71}},"type":"binary-expr","locations":[{"start":{"line":74,"column":34},"end":{"line":74,"column":41}},{"start":{"line":74,"column":45},"end":{"line":74,"column":71}}]},"9":{"loc":{"start":{"line":90,"column":34},"end":{"line":90,"column":70}},"type":"binary-expr","locations":[{"start":{"line":90,"column":34},"end":{"line":90,"column":41}},{"start":{"line":90,"column":45},"end":{"line":90,"column":70}}]},"10":{"loc":{"start":{"line":99,"column":4},"end":{"line":101,"column":5}},"type":"if","locations":[{"start":{"line":99,"column":4},"end":{"line":101,"column":5}},{"start":{},"end":{}}]},"11":{"loc":{"start":{"line":99,"column":8},"end":{"line":99,"column":55}},"type":"binary-expr","locations":[{"start":{"line":99,"column":8},"end":{"line":99,"column":20}},{"start":{"line":99,"column":24},"end":{"line":99,"column":55}}]},"12":{"loc":{"start":{"line":108,"column":4},"end":{"line":110,"column":5}},"type":"if","locations":[{"start":{"line":108,"column":4},"end":{"line":110,"column":5}},{"start":{},"end":{}}]},"13":{"loc":{"start":{"line":122,"column":8},"end":{"line":141,"column":9}},"type":"if","locations":[{"start":{"line":122,"column":8},"end":{"line":141,"column":9}},{"start":{},"end":{}}]},"14":{"loc":{"start":{"line":163,"column":4},"end":{"line":165,"column":5}},"type":"if","locations":[{"start":{"line":163,"column":4},"end":{"line":165,"column":5}},{"start":{},"end":{}}]},"15":{"loc":{"start":{"line":167,"column":4},"end":{"line":169,"column":5}},"type":"if","locations":[{"start":{"line":167,"column":4},"end":{"line":169,"column":5}},{"start":{},"end":{}}]},"16":{"loc":{"start":{"line":171,"column":34},"end":{"line":171,"column":69}},"type":"binary-expr","locations":[{"start":{"line":171,"column":34},"end":{"line":171,"column":41}},{"start":{"line":171,"column":45},"end":{"line":171,"column":69}}]},"17":{"loc":{"start":{"line":187,"column":34},"end":{"line":187,"column":75}},"type":"binary-expr","locations":[{"start":{"line":187,"column":34},"end":{"line":187,"column":41}},{"start":{"line":187,"column":45},"end":{"line":187,"column":75}}]},"18":{"loc":{"start":{"line":195,"column":4},"end":{"line":197,"column":5}},"type":"if","locations":[{"start":{"line":195,"column":4},"end":{"line":197,"column":5}},{"start":{},"end":{}}]},"19":{"loc":{"start":{"line":195,"column":8},"end":{"line":195,"column":49}},"type":"binary-expr","locations":[{"start":{"line":195,"column":8},"end":{"line":195,"column":17}},{"start":{"line":195,"column":21},"end":{"line":195,"column":49}}]},"20":{"loc":{"start":{"line":201,"column":4},"end":{"line":203,"column":5}},"type":"if","locations":[{"start":{"line":201,"column":4},"end":{"line":203,"column":5}},{"start":{},"end":{}}]},"21":{"loc":{"start":{"line":201,"column":8},"end":{"line":201,"column":47}},"type":"binary-expr","locations":[{"start":{"line":201,"column":8},"end":{"line":201,"column":16}},{"start":{"line":201,"column":20},"end":{"line":201,"column":47}}]},"22":{"loc":{"start":{"line":214,"column":34},"end":{"line":214,"column":75}},"type":"binary-expr","locations":[{"start":{"line":214,"column":34},"end":{"line":214,"column":41}},{"start":{"line":214,"column":45},"end":{"line":214,"column":75}}]},"23":{"loc":{"start":{"line":222,"column":4},"end":{"line":224,"column":5}},"type":"if","locations":[{"start":{"line":222,"column":4},"end":{"line":224,"column":5}},{"start":{},"end":{}}]},"24":{"loc":{"start":{"line":222,"column":8},"end":{"line":222,"column":49}},"type":"binary-expr","locations":[{"start":{"line":222,"column":8},"end":{"line":222,"column":17}},{"start":{"line":222,"column":21},"end":{"line":222,"column":49}}]},"25":{"loc":{"start":{"line":228,"column":4},"end":{"line":230,"column":5}},"type":"if","locations":[{"start":{"line":228,"column":4},"end":{"line":230,"column":5}},{"start":{},"end":{}}]},"26":{"loc":{"start":{"line":228,"column":8},"end":{"line":228,"column":55}},"type":"binary-expr","locations":[{"start":{"line":228,"column":8},"end":{"line":228,"column":20}},{"start":{"line":228,"column":24},"end":{"line":228,"column":55}}]},"27":{"loc":{"start":{"line":232,"column":4},"end":{"line":234,"column":5}},"type":"if","locations":[{"start":{"line":232,"column":4},"end":{"line":234,"column":5}},{"start":{},"end":{}}]},"28":{"loc":{"start":{"line":232,"column":8},"end":{"line":232,"column":43}},"type":"binary-expr","locations":[{"start":{"line":232,"column":8},"end":{"line":232,"column":14}},{"start":{"line":232,"column":18},"end":{"line":232,"column":43}}]},"29":{"loc":{"start":{"line":236,"column":4},"end":{"line":238,"column":5}},"type":"if","locations":[{"start":{"line":236,"column":4},"end":{"line":238,"column":5}},{"start":{},"end":{}}]},"30":{"loc":{"start":{"line":242,"column":4},"end":{"line":244,"column":5}},"type":"if","locations":[{"start":{"line":242,"column":4},"end":{"line":244,"column":5}},{"start":{},"end":{}}]},"31":{"loc":{"start":{"line":297,"column":4},"end":{"line":299,"column":5}},"type":"if","locations":[{"start":{"line":297,"column":4},"end":{"line":299,"column":5}},{"start":{},"end":{}}]},"32":{"loc":{"start":{"line":301,"column":34},"end":{"line":301,"column":69}},"type":"binary-expr","locations":[{"start":{"line":301,"column":34},"end":{"line":301,"column":41}},{"start":{"line":301,"column":45},"end":{"line":301,"column":69}}]}},"s":{"0":0,"1":0,"2":0,"3":0,"4":0,"5":0,"6":0,"7":0,"8":0,"9":0,"10":0,"11":0,"12":0,"13":0,"14":0,"15":0,"16":0,"17":0,"18":0,"19":0,"20":0,"21":0,"22":0,"23":0,"24":0,"25":0,"26":0,"27":0,"28":0,"29":0,"30":0,"31":0,"32":0,"33":0,"34":0,"35":0,"36":0,"37":0,"38":0,"39":0,"40":0,"41":0,"42":0,"43":0,"44":0,"45":0,"46":0,"47":0,"48":0,"49":0,"50":0,"51":0,"52":0,"53":0,"54":0,"55":0,"56":0,"57":0,"58":0,"59":0,"60":0,"61":0,"62":0,"63":0,"64":0,"65":0,"66":0,"67":0,"68":0,"69":0,"70":0,"71":0,"72":0,"73":0,"74":0,"75":0,"76":0,"77":0,"78":0,"79":0,"80":0,"81":0,"82":0,"83":0,"84":0,"85":0,"86":0,"87":0,"88":0,"89":0,"90":0,"91":0,"92":0,"93":0,"94":0,"95":0,"96":0,"97":0,"98":0,"99":0,"100":0,"101":0,"102":0,"103":0,"104":0,"105":0,"106":0,"107":0,"108":0,"109":0,"110":0,"111":0,"112":0,"113":0},"f":{"0":0,"1":0,"2":0,"3":0,"4":0,"5":0,"6":0,"7":0},"b":{"0":[0,0],"1":[0,0],"2":[0,0],"3":[0,0],"4":[0,0],"5":[0,0],"6":[0,0],"7":[0,0],"8":[0,0],"9":[0,0],"10":[0,0],"11":[0,0],"12":[0,0],"13":[0,0],"14":[0,0],"15":[0,0],"16":[0,0],"17":[0,0],"18":[0,0],"19":[0,0],"20":[0,0],"21":[0,0],"22":[0,0],"23":[0,0],"24":[0,0],"25":[0,0],"26":[0,0],"27":[0,0],"28":[0,0],"29":[0,0],"30":[0,0],"31":[0,0],"32":[0,0]}}
,"C:\\WorkSpace\\PPT\\make-ppt-great-again\\backend\\src\\routes\\slides.ts": {"path":"C:\\WorkSpace\\PPT\\make-ppt-great-again\\backend\\src\\routes\\slides.ts","statementMap":{"0":{"start":{"line":6,"column":15},"end":{"line":6,"column":31}},"1":{"start":{"line":9,"column":0},"end":{"line":25,"column":3}},"2":{"start":{"line":10,"column":2},"end":{"line":24,"column":3}},"3":{"start":{"line":11,"column":35},"end":{"line":11,"column":45}},"4":{"start":{"line":12,"column":22},"end":{"line":17,"column":null}},"5":{"start":{"line":20,"column":17},"end":{"line":20,"column":54}},"6":{"start":{"line":21,"column":4},"end":{"line":21,"column":31}},"7":{"start":{"line":23,"column":4},"end":{"line":23,"column":55}},"8":{"start":{"line":28,"column":0},"end":{"line":46,"column":3}},"9":{"start":{"line":29,"column":2},"end":{"line":45,"column":3}},"10":{"start":{"line":30,"column":35},"end":{"line":30,"column":45}},"11":{"start":{"line":31,"column":21},"end":{"line":31,"column":29}},"12":{"start":{"line":33,"column":22},"end":{"line":38,"column":null}},"13":{"start":{"line":41,"column":4},"end":{"line":41,"column":69}},"14":{"start":{"line":42,"column":4},"end":{"line":42,"column":32}},"15":{"start":{"line":44,"column":4},"end":{"line":44,"column":62}},"16":{"start":{"line":49,"column":0},"end":{"line":93,"column":3}},"17":{"start":{"line":50,"column":2},"end":{"line":92,"column":3}},"18":{"start":{"line":51,"column":26},"end":{"line":51,"column":36}},"19":{"start":{"line":52,"column":20},"end":{"line":52,"column":82}},"20":{"start":{"line":54,"column":22},"end":{"line":58,"column":null}},"21":{"start":{"line":61,"column":4},"end":{"line":61,"column":51}},"22":{"start":{"line":64,"column":21},"end":{"line":69,"column":6}},"23":{"start":{"line":71,"column":4},"end":{"line":74,"column":6}},"24":{"start":{"line":77,"column":17},"end":{"line":82,"column":6}},"25":{"start":{"line":84,"column":4},"end":{"line":87,"column":6}},"26":{"start":{"line":89,"column":4},"end":{"line":89,"column":48}},"27":{"start":{"line":91,"column":4},"end":{"line":91,"column":62}}},"fnMap":{"0":{"name":"(anonymous_0)","decl":{"start":{"line":9,"column":42},"end":{"line":9,"column":47}},"loc":{"start":{"line":9,"column":61},"end":{"line":25,"column":1}}},"1":{"name":"(anonymous_1)","decl":{"start":{"line":28,"column":42},"end":{"line":28,"column":47}},"loc":{"start":{"line":28,"column":61},"end":{"line":46,"column":1}}},"2":{"name":"(anonymous_2)","decl":{"start":{"line":49,"column":34},"end":{"line":49,"column":39}},"loc":{"start":{"line":49,"column":53},"end":{"line":93,"column":1}}}},"branchMap":{"0":{"loc":{"start":{"line":52,"column":20},"end":{"line":52,"column":82}},"type":"binary-expr","locations":[{"start":{"line":52,"column":20},"end":{"line":52,"column":36}},{"start":{"line":52,"column":40},"end":{"line":52,"column":82}}]},"1":{"loc":{"start":{"line":79,"column":20},"end":{"line":79,"column":46}},"type":"binary-expr","locations":[{"start":{"line":79,"column":20},"end":{"line":79,"column":41}},{"start":{"line":79,"column":45},"end":{"line":79,"column":46}}]}},"s":{"0":0,"1":0,"2":0,"3":0,"4":0,"5":0,"6":0,"7":0,"8":0,"9":0,"10":0,"11":0,"12":0,"13":0,"14":0,"15":0,"16":0,"17":0,"18":0,"19":0,"20":0,"21":0,"22":0,"23":0,"24":0,"25":0,"26":0,"27":0},"f":{"0":0,"1":0,"2":0},"b":{"0":[0,0],"1":[0,0]}}
,"C:\\WorkSpace\\PPT\\make-ppt-great-again\\backend\\src\\services\\projectService.ts": {"path":"C:\\WorkSpace\\PPT\\make-ppt-great-again\\backend\\src\\services\\projectService.ts","statementMap":{"0":{"start":{"line":16,"column":4},"end":{"line":16,"column":82}},"1":{"start":{"line":17,"column":4},"end":{"line":17,"column":83}},"2":{"start":{"line":21,"column":4},"end":{"line":37,"column":5}},"3":{"start":{"line":23,"column":6},"end":{"line":23,"column":62}},"4":{"start":{"line":26,"column":6},"end":{"line":30,"column":7}},"5":{"start":{"line":27,"column":8},"end":{"line":27,"column":49}},"6":{"start":{"line":29,"column":8},"end":{"line":29,"column":81}},"7":{"start":{"line":32,"column":6},"end":{"line":32,"column":48}},"8":{"start":{"line":33,"column":6},"end":{"line":33,"column":59}},"9":{"start":{"line":35,"column":6},"end":{"line":35,"column":67}},"10":{"start":{"line":36,"column":6},"end":{"line":36,"column":18}},"11":{"start":{"line":41,"column":4},"end":{"line":41,"column":30}},"12":{"start":{"line":46,"column":26},"end":{"line":46,"column":73}},"13":{"start":{"line":48,"column":29},"end":{"line":48,"column":47}},"14":{"start":{"line":49,"column":34},"end":{"line":49,"column":57}},"15":{"start":{"line":51,"column":4},"end":{"line":78,"column":5}},"16":{"start":{"line":53,"column":23},"end":{"line":53,"column":62}},"17":{"start":{"line":56,"column":6},"end":{"line":56,"column":52}},"18":{"start":{"line":58,"column":36},"end":{"line":58,"column":78}},"19":{"start":{"line":61,"column":6},"end":{"line":65,"column":7}},"20":{"start":{"line":62,"column":8},"end":{"line":62,"column":47}},"21":{"start":{"line":64,"column":8},"end":{"line":64,"column":79}},"22":{"start":{"line":68,"column":6},"end":{"line":68,"column":36}},"23":{"start":{"line":69,"column":6},"end":{"line":69,"column":54}},"24":{"start":{"line":71,"column":6},"end":{"line":71,"column":60}},"25":{"start":{"line":74,"column":6},"end":{"line":74,"column":44}},"26":{"start":{"line":75,"column":6},"end":{"line":75,"column":54}},"27":{"start":{"line":76,"column":6},"end":{"line":76,"column":90}},"28":{"start":{"line":77,"column":6},"end":{"line":77,"column":18}},"29":{"start":{"line":83,"column":4},"end":{"line":85,"column":5}},"30":{"start":{"line":84,"column":6},"end":{"line":84,"column":46}},"31":{"start":{"line":88,"column":4},"end":{"line":90,"column":5}},"32":{"start":{"line":89,"column":6},"end":{"line":89,"column":73}},"33":{"start":{"line":93,"column":27},"end":{"line":93,"column":61}},"34":{"start":{"line":94,"column":4},"end":{"line":96,"column":5}},"35":{"start":{"line":95,"column":6},"end":{"line":95,"column":56}},"36":{"start":{"line":99,"column":4},"end":{"line":101,"column":5}},"37":{"start":{"line":100,"column":6},"end":{"line":100,"column":58}},"38":{"start":{"line":104,"column":4},"end":{"line":104,"column":51}},"39":{"start":{"line":109,"column":4},"end":{"line":111,"column":5}},"40":{"start":{"line":110,"column":6},"end":{"line":110,"column":54}},"41":{"start":{"line":114,"column":26},"end":{"line":114,"column":78}},"42":{"start":{"line":116,"column":4},"end":{"line":118,"column":5}},"43":{"start":{"line":117,"column":6},"end":{"line":117,"column":66}},"44":{"start":{"line":122,"column":4},"end":{"line":135,"column":5}},"45":{"start":{"line":124,"column":6},"end":{"line":132,"column":7}},"46":{"start":{"line":125,"column":22},"end":{"line":125,"column":53}},"47":{"start":{"line":126,"column":8},"end":{"line":128,"column":9}},"48":{"start":{"line":127,"column":10},"end":{"line":127,"column":58}},"49":{"start":{"line":129,"column":8},"end":{"line":129,"column":40}},"50":{"start":{"line":131,"column":8},"end":{"line":131,"column":72}},"51":{"start":{"line":134,"column":6},"end":{"line":134,"column":40}},"52":{"start":{"line":137,"column":24},"end":{"line":137,"column":62}},"53":{"start":{"line":140,"column":4},"end":{"line":148,"column":5}},"54":{"start":{"line":141,"column":6},"end":{"line":141,"column":35}},"55":{"start":{"line":142,"column":6},"end":{"line":142,"column":67}},"56":{"start":{"line":145,"column":6},"end":{"line":147,"column":7}},"57":{"start":{"line":146,"column":8},"end":{"line":146,"column":20}},"58":{"start":{"line":151,"column":4},"end":{"line":151,"column":53}},"59":{"start":{"line":152,"column":4},"end":{"line":152,"column":74}},"60":{"start":{"line":153,"column":4},"end":{"line":153,"column":74}},"61":{"start":{"line":154,"column":4},"end":{"line":154,"column":76}},"62":{"start":{"line":157,"column":16},"end":{"line":157,"column":40}},"63":{"start":{"line":158,"column":37},"end":{"line":169,"column":6}},"64":{"start":{"line":172,"column":4},"end":{"line":175,"column":6}},"65":{"start":{"line":177,"column":4},"end":{"line":177,"column":51}},"66":{"start":{"line":178,"column":4},"end":{"line":178,"column":23}},"67":{"start":{"line":183,"column":4},"end":{"line":185,"column":5}},"68":{"start":{"line":184,"column":6},"end":{"line":184,"column":54}},"69":{"start":{"line":187,"column":28},"end":{"line":187,"column":66}},"70":{"start":{"line":189,"column":4},"end":{"line":232,"column":5}},"71":{"start":{"line":191,"column":6},"end":{"line":191,"column":39}},"72":{"start":{"line":194,"column":22},"end":{"line":194,"column":65}},"73":{"start":{"line":198,"column":6},"end":{"line":205,"column":7}},"74":{"start":{"line":199,"column":8},"end":{"line":199,"column":42}},"75":{"start":{"line":201,"column":8},"end":{"line":203,"column":9}},"76":{"start":{"line":202,"column":10},"end":{"line":202,"column":99}},"77":{"start":{"line":204,"column":8},"end":{"line":204,"column":25}},"78":{"start":{"line":208,"column":6},"end":{"line":210,"column":7}},"79":{"start":{"line":209,"column":8},"end":{"line":209,"column":81}},"80":{"start":{"line":212,"column":6},"end":{"line":214,"column":7}},"81":{"start":{"line":213,"column":8},"end":{"line":213,"column":84}},"82":{"start":{"line":216,"column":6},"end":{"line":216,"column":52}},"83":{"start":{"line":217,"column":6},"end":{"line":217,"column":25}},"84":{"start":{"line":219,"column":25},"end":{"line":219,"column":61}},"85":{"start":{"line":221,"column":6},"end":{"line":223,"column":7}},"86":{"start":{"line":222,"column":8},"end":{"line":222,"column":64}},"87":{"start":{"line":225,"column":6},"end":{"line":227,"column":7}},"88":{"start":{"line":226,"column":8},"end":{"line":226,"column":82}},"89":{"start":{"line":230,"column":6},"end":{"line":230,"column":69}},"90":{"start":{"line":231,"column":6},"end":{"line":231,"column":18}},"91":{"start":{"line":236,"column":4},"end":{"line":267,"column":5}},"92":{"start":{"line":237,"column":22},"end":{"line":237,"column":83}},"93":{"start":{"line":238,"column":42},"end":{"line":238,"column":44}},"94":{"start":{"line":240,"column":6},"end":{"line":261,"column":7}},"95":{"start":{"line":241,"column":8},"end":{"line":260,"column":9}},"96":{"start":{"line":242,"column":30},"end":{"line":242,"column":71}},"97":{"start":{"line":243,"column":34},"end":{"line":243,"column":72}},"98":{"start":{"line":245,"column":10},"end":{"line":259,"column":11}},"99":{"start":{"line":246,"column":26},"end":{"line":246,"column":52}},"100":{"start":{"line":247,"column":28},"end":{"line":247,"column":71}},"101":{"start":{"line":248,"column":45},"end":{"line":248,"column":64}},"102":{"start":{"line":250,"column":12},"end":{"line":255,"column":15}},"103":{"start":{"line":258,"column":12},"end":{"line":258,"column":86}},"104":{"start":{"line":263,"column":6},"end":{"line":263,"column":22}},"105":{"start":{"line":265,"column":6},"end":{"line":265,"column":55}},"106":{"start":{"line":266,"column":6},"end":{"line":266,"column":16}},"107":{"start":{"line":272,"column":4},"end":{"line":274,"column":5}},"108":{"start":{"line":273,"column":6},"end":{"line":273,"column":54}},"109":{"start":{"line":276,"column":28},"end":{"line":276,"column":66}},"110":{"start":{"line":278,"column":4},"end":{"line":322,"column":5}},"111":{"start":{"line":280,"column":6},"end":{"line":280,"column":39}},"112":{"start":{"line":283,"column":22},"end":{"line":283,"column":65}},"113":{"start":{"line":286,"column":6},"end":{"line":293,"column":7}},"114":{"start":{"line":287,"column":8},"end":{"line":287,"column":42}},"115":{"start":{"line":289,"column":8},"end":{"line":291,"column":9}},"116":{"start":{"line":290,"column":10},"end":{"line":290,"column":99}},"117":{"start":{"line":292,"column":8},"end":{"line":292,"column":25}},"118":{"start":{"line":296,"column":39},"end":{"line":301,"column":8}},"119":{"start":{"line":304,"column":6},"end":{"line":304,"column":80}},"120":{"start":{"line":306,"column":6},"end":{"line":306,"column":53}},"121":{"start":{"line":307,"column":6},"end":{"line":307,"column":25}},"122":{"start":{"line":309,"column":25},"end":{"line":309,"column":61}},"123":{"start":{"line":311,"column":6},"end":{"line":313,"column":7}},"124":{"start":{"line":312,"column":8},"end":{"line":312,"column":64}},"125":{"start":{"line":315,"column":6},"end":{"line":317,"column":7}},"126":{"start":{"line":316,"column":8},"end":{"line":316,"column":81}},"127":{"start":{"line":320,"column":6},"end":{"line":320,"column":71}},"128":{"start":{"line":321,"column":6},"end":{"line":321,"column":18}},"129":{"start":{"line":327,"column":30},"end":{"line":327,"column":50}}},"fnMap":{"0":{"name":"(anonymous_0)","decl":{"start":{"line":14,"column":2},"end":{"line":14,"column":null}},"loc":{"start":{"line":14,"column":2},"end":{"line":18,"column":3}}},"1":{"name":"(anonymous_1)","decl":{"start":{"line":20,"column":2},"end":{"line":20,"column":7}},"loc":{"start":{"line":20,"column":18},"end":{"line":38,"column":3}}},"2":{"name":"(anonymous_2)","decl":{"start":{"line":40,"column":2},"end":{"line":40,"column":18}},"loc":{"start":{"line":40,"column":18},"end":{"line":42,"column":3}}},"3":{"name":"(anonymous_3)","decl":{"start":{"line":44,"column":2},"end":{"line":44,"column":7}},"loc":{"start":{"line":44,"column":40},"end":{"line":79,"column":3}}},"4":{"name":"(anonymous_4)","decl":{"start":{"line":81,"column":10},"end":{"line":81,"column":16}},"loc":{"start":{"line":81,"column":58},"end":{"line":105,"column":3}}},"5":{"name":"(anonymous_5)","decl":{"start":{"line":107,"column":2},"end":{"line":107,"column":7}},"loc":{"start":{"line":107,"column":51},"end":{"line":179,"column":3}}},"6":{"name":"(anonymous_6)","decl":{"start":{"line":181,"column":2},"end":{"line":181,"column":7}},"loc":{"start":{"line":181,"column":39},"end":{"line":233,"column":3}}},"7":{"name":"(anonymous_7)","decl":{"start":{"line":235,"column":2},"end":{"line":235,"column":7}},"loc":{"start":{"line":235,"column":20},"end":{"line":268,"column":3}}},"8":{"name":"(anonymous_8)","decl":{"start":{"line":270,"column":2},"end":{"line":270,"column":7}},"loc":{"start":{"line":270,"column":72},"end":{"line":323,"column":3}}}},"branchMap":{"0":{"loc":{"start":{"line":16,"column":35},"end":{"line":16,"column":64}},"type":"binary-expr","locations":[{"start":{"line":16,"column":35},"end":{"line":16,"column":58}},{"start":{"line":16,"column":62},"end":{"line":16,"column":64}}]},"1":{"loc":{"start":{"line":83,"column":4},"end":{"line":85,"column":5}},"type":"if","locations":[{"start":{"line":83,"column":4},"end":{"line":85,"column":5}},{"start":{},"end":{}}]},"2":{"loc":{"start":{"line":83,"column":8},"end":{"line":83,"column":45}},"type":"binary-expr","locations":[{"start":{"line":83,"column":8},"end":{"line":83,"column":18}},{"start":{"line":83,"column":22},"end":{"line":83,"column":45}}]},"3":{"loc":{"start":{"line":88,"column":4},"end":{"line":90,"column":5}},"type":"if","locations":[{"start":{"line":88,"column":4},"end":{"line":90,"column":5}},{"start":{},"end":{}}]},"4":{"loc":{"start":{"line":88,"column":8},"end":{"line":88,"column":59}},"type":"binary-expr","locations":[{"start":{"line":88,"column":8},"end":{"line":88,"column":32}},{"start":{"line":88,"column":36},"end":{"line":88,"column":59}}]},"5":{"loc":{"start":{"line":94,"column":4},"end":{"line":96,"column":5}},"type":"if","locations":[{"start":{"line":94,"column":4},"end":{"line":96,"column":5}},{"start":{},"end":{}}]},"6":{"loc":{"start":{"line":99,"column":4},"end":{"line":101,"column":5}},"type":"if","locations":[{"start":{"line":99,"column":4},"end":{"line":101,"column":5}},{"start":{},"end":{}}]},"7":{"loc":{"start":{"line":109,"column":4},"end":{"line":111,"column":5}},"type":"if","locations":[{"start":{"line":109,"column":4},"end":{"line":111,"column":5}},{"start":{},"end":{}}]},"8":{"loc":{"start":{"line":109,"column":8},"end":{"line":109,"column":51}},"type":"binary-expr","locations":[{"start":{"line":109,"column":8},"end":{"line":109,"column":21}},{"start":{"line":109,"column":25},"end":{"line":109,"column":51}}]},"9":{"loc":{"start":{"line":116,"column":4},"end":{"line":118,"column":5}},"type":"if","locations":[{"start":{"line":116,"column":4},"end":{"line":118,"column":5}},{"start":{},"end":{}}]},"10":{"loc":{"start":{"line":122,"column":4},"end":{"line":135,"column":5}},"type":"if","locations":[{"start":{"line":122,"column":4},"end":{"line":135,"column":5}},{"start":{"line":133,"column":11},"end":{"line":135,"column":5}}]},"11":{"loc":{"start":{"line":126,"column":8},"end":{"line":128,"column":9}},"type":"if","locations":[{"start":{"line":126,"column":8},"end":{"line":128,"column":9}},{"start":{},"end":{}}]},"12":{"loc":{"start":{"line":145,"column":6},"end":{"line":147,"column":7}},"type":"if","locations":[{"start":{"line":145,"column":6},"end":{"line":147,"column":7}},{"start":{},"end":{}}]},"13":{"loc":{"start":{"line":183,"column":4},"end":{"line":185,"column":5}},"type":"if","locations":[{"start":{"line":183,"column":4},"end":{"line":185,"column":5}},{"start":{},"end":{}}]},"14":{"loc":{"start":{"line":183,"column":8},"end":{"line":183,"column":49}},"type":"binary-expr","locations":[{"start":{"line":183,"column":8},"end":{"line":183,"column":20}},{"start":{"line":183,"column":24},"end":{"line":183,"column":49}}]},"15":{"loc":{"start":{"line":201,"column":8},"end":{"line":203,"column":9}},"type":"if","locations":[{"start":{"line":201,"column":8},"end":{"line":203,"column":9}},{"start":{},"end":{}}]},"16":{"loc":{"start":{"line":208,"column":6},"end":{"line":210,"column":7}},"type":"if","locations":[{"start":{"line":208,"column":6},"end":{"line":210,"column":7}},{"start":{},"end":{}}]},"17":{"loc":{"start":{"line":212,"column":6},"end":{"line":214,"column":7}},"type":"if","locations":[{"start":{"line":212,"column":6},"end":{"line":214,"column":7}},{"start":{},"end":{}}]},"18":{"loc":{"start":{"line":221,"column":6},"end":{"line":223,"column":7}},"type":"if","locations":[{"start":{"line":221,"column":6},"end":{"line":223,"column":7}},{"start":{},"end":{}}]},"19":{"loc":{"start":{"line":225,"column":6},"end":{"line":227,"column":7}},"type":"if","locations":[{"start":{"line":225,"column":6},"end":{"line":227,"column":7}},{"start":{},"end":{}}]},"20":{"loc":{"start":{"line":241,"column":8},"end":{"line":260,"column":9}},"type":"if","locations":[{"start":{"line":241,"column":8},"end":{"line":260,"column":9}},{"start":{},"end":{}}]},"21":{"loc":{"start":{"line":272,"column":4},"end":{"line":274,"column":5}},"type":"if","locations":[{"start":{"line":272,"column":4},"end":{"line":274,"column":5}},{"start":{},"end":{}}]},"22":{"loc":{"start":{"line":272,"column":8},"end":{"line":272,"column":49}},"type":"binary-expr","locations":[{"start":{"line":272,"column":8},"end":{"line":272,"column":20}},{"start":{"line":272,"column":24},"end":{"line":272,"column":49}}]},"23":{"loc":{"start":{"line":289,"column":8},"end":{"line":291,"column":9}},"type":"if","locations":[{"start":{"line":289,"column":8},"end":{"line":291,"column":9}},{"start":{},"end":{}}]},"24":{"loc":{"start":{"line":300,"column":12},"end":{"line":300,"column":76}},"type":"cond-expr","locations":[{"start":{"line":300,"column":32},"end":{"line":300,"column":34}},{"start":{"line":300,"column":37},"end":{"line":300,"column":76}}]},"25":{"loc":{"start":{"line":311,"column":6},"end":{"line":313,"column":7}},"type":"if","locations":[{"start":{"line":311,"column":6},"end":{"line":313,"column":7}},{"start":{},"end":{}}]},"26":{"loc":{"start":{"line":315,"column":6},"end":{"line":317,"column":7}},"type":"if","locations":[{"start":{"line":315,"column":6},"end":{"line":317,"column":7}},{"start":{},"end":{}}]}},"s":{"0":8,"1":8,"2":0,"3":0,"4":0,"5":0,"6":0,"7":0,"8":0,"9":0,"10":0,"11":0,"12":4,"13":0,"14":0,"15":0,"16":0,"17":0,"18":0,"19":0,"20":0,"21":0,"22":0,"23":0,"24":0,"25":0,"26":0,"27":0,"28":0,"29":6,"30":1,"31":5,"32":3,"33":2,"34":2,"35":1,"36":1,"37":1,"38":0,"39":3,"40":1,"41":2,"42":0,"43":0,"44":0,"45":0,"46":0,"47":0,"48":0,"49":0,"50":0,"51":0,"52":0,"53":0,"54":0,"55":0,"56":0,"57":0,"58":0,"59":0,"60":0,"61":0,"62":0,"63":0,"64":0,"65":0,"66":0,"67":0,"68":0,"69":0,"70":0,"71":0,"72":0,"73":0,"74":0,"75":0,"76":0,"77":0,"78":0,"79":0,"80":0,"81":0,"82":0,"83":0,"84":0,"85":0,"86":0,"87":0,"88":0,"89":0,"90":0,"91":0,"92":0,"93":0,"94":0,"95":0,"96":0,"97":0,"98":0,"99":0,"100":0,"101":0,"102":0,"103":0,"104":0,"105":0,"106":0,"107":0,"108":0,"109":0,"110":0,"111":0,"112":0,"113":0,"114":0,"115":0,"116":0,"117":0,"118":0,"119":0,"120":0,"121":0,"122":0,"123":0,"124":0,"125":0,"126":0,"127":0,"128":0,"129":1},"f":{"0":8,"1":0,"2":0,"3":4,"4":6,"5":3,"6":0,"7":0,"8":0},"b":{"0":[8,0],"1":[1,5],"2":[6,5],"3":[3,2],"4":[5,3],"5":[1,1],"6":[1,0],"7":[1,2],"8":[3,2],"9":[0,0],"10":[0,0],"11":[0,0],"12":[0,0],"13":[0,0],"14":[0,0],"15":[0,0],"16":[0,0],"17":[0,0],"18":[0,0],"19":[0,0],"20":[0,0],"21":[0,0],"22":[0,0],"23":[0,0],"24":[0,0],"25":[0,0],"26":[0,0]}}
,"C:\\WorkSpace\\PPT\\make-ppt-great-again\\backend\\src\\services\\sessionManager.ts": {"path":"C:\\WorkSpace\\PPT\\make-ppt-great-again\\backend\\src\\services\\sessionManager.ts","statementMap":{"0":{"start":{"line":15,"column":28},"end":{"line":15,"column":57}},"1":{"start":{"line":16,"column":36},"end":{"line":16,"column":72}},"2":{"start":{"line":17,"column":35},"end":{"line":17,"column":58}},"3":{"start":{"line":18,"column":47},"end":{"line":18,"column":61}},"4":{"start":{"line":19,"column":52},"end":{"line":19,"column":53}},"5":{"start":{"line":25,"column":4},"end":{"line":31,"column":5}},"6":{"start":{"line":26,"column":6},"end":{"line":26,"column":65}},"7":{"start":{"line":27,"column":6},"end":{"line":27,"column":31}},"8":{"start":{"line":29,"column":6},"end":{"line":29,"column":71}},"9":{"start":{"line":30,"column":6},"end":{"line":30,"column":18}},"10":{"start":{"line":39,"column":21},"end":{"line":39,"column":47}},"11":{"start":{"line":40,"column":4},"end":{"line":44,"column":5}},"12":{"start":{"line":41,"column":6},"end":{"line":41,"column":99}},"13":{"start":{"line":42,"column":6},"end":{"line":42,"column":35}},"14":{"start":{"line":43,"column":6},"end":{"line":43,"column":22}},"15":{"start":{"line":47,"column":4},"end":{"line":53,"column":5}},"16":{"start":{"line":49,"column":26},"end":{"line":49,"column":57}},"17":{"start":{"line":50,"column":6},"end":{"line":52,"column":7}},"18":{"start":{"line":51,"column":8},"end":{"line":51,"column":39}},"19":{"start":{"line":56,"column":24},"end":{"line":56,"column":86}},"20":{"start":{"line":57,"column":4},"end":{"line":57,"column":53}},"21":{"start":{"line":61,"column":23},"end":{"line":71,"column":6}},"22":{"start":{"line":73,"column":32},"end":{"line":79,"column":6}},"23":{"start":{"line":81,"column":4},"end":{"line":81,"column":40}},"24":{"start":{"line":82,"column":4},"end":{"line":82,"column":94}},"25":{"start":{"line":83,"column":4},"end":{"line":83,"column":33}},"26":{"start":{"line":84,"column":4},"end":{"line":84,"column":37}},"27":{"start":{"line":85,"column":4},"end":{"line":85,"column":39}},"28":{"start":{"line":87,"column":4},"end":{"line":87,"column":19}},"29":{"start":{"line":94,"column":4},"end":{"line":94,"column":97}},"30":{"start":{"line":96,"column":4},"end":{"line":99,"column":5}},"31":{"start":{"line":97,"column":6},"end":{"line":97,"column":64}},"32":{"start":{"line":98,"column":6},"end":{"line":98,"column":13}},"33":{"start":{"line":101,"column":4},"end":{"line":126,"column":7}},"34":{"start":{"line":102,"column":6},"end":{"line":102,"column":90}},"35":{"start":{"line":103,"column":20},"end":{"line":103,"column":48}},"36":{"start":{"line":105,"column":6},"end":{"line":125,"column":7}},"37":{"start":{"line":106,"column":8},"end":{"line":106,"column":35}},"38":{"start":{"line":106,"column":26},"end":{"line":106,"column":35}},"39":{"start":{"line":108,"column":8},"end":{"line":124,"column":9}},"40":{"start":{"line":110,"column":23},"end":{"line":110,"column":39}},"41":{"start":{"line":112,"column":10},"end":{"line":116,"column":13}},"42":{"start":{"line":119,"column":10},"end":{"line":123,"column":13}},"43":{"start":{"line":129,"column":4},"end":{"line":133,"column":5}},"44":{"start":{"line":130,"column":6},"end":{"line":132,"column":9}},"45":{"start":{"line":131,"column":8},"end":{"line":131,"column":76}},"46":{"start":{"line":140,"column":4},"end":{"line":148,"column":7}},"47":{"start":{"line":141,"column":6},"end":{"line":141,"column":77}},"48":{"start":{"line":142,"column":6},"end":{"line":145,"column":9}},"49":{"start":{"line":146,"column":6},"end":{"line":146,"column":44}},"50":{"start":{"line":147,"column":6},"end":{"line":147,"column":51}},"51":{"start":{"line":150,"column":4},"end":{"line":157,"column":7}},"52":{"start":{"line":151,"column":6},"end":{"line":151,"column":68}},"53":{"start":{"line":152,"column":6},"end":{"line":156,"column":9}},"54":{"start":{"line":165,"column":4},"end":{"line":195,"column":5}},"55":{"start":{"line":166,"column":6},"end":{"line":166,"column":126}},"56":{"start":{"line":167,"column":27},"end":{"line":167,"column":54}},"57":{"start":{"line":168,"column":22},"end":{"line":168,"column":71}},"58":{"start":{"line":169,"column":6},"end":{"line":169,"column":110}},"59":{"start":{"line":172,"column":6},"end":{"line":175,"column":7}},"60":{"start":{"line":173,"column":8},"end":{"line":173,"column":73}},"61":{"start":{"line":174,"column":8},"end":{"line":174,"column":38}},"62":{"start":{"line":178,"column":6},"end":{"line":191,"column":7}},"63":{"start":{"line":179,"column":28},"end":{"line":185,"column":10}},"64":{"start":{"line":186,"column":8},"end":{"line":186,"column":76}},"65":{"start":{"line":187,"column":8},"end":{"line":187,"column":56}},"66":{"start":{"line":188,"column":8},"end":{"line":188,"column":37}},"67":{"start":{"line":190,"column":8},"end":{"line":190,"column":72}},"68":{"start":{"line":193,"column":6},"end":{"line":193,"column":68}},"69":{"start":{"line":194,"column":6},"end":{"line":194,"column":18}},"70":{"start":{"line":202,"column":20},"end":{"line":202,"column":46}},"71":{"start":{"line":203,"column":4},"end":{"line":205,"column":5}},"72":{"start":{"line":204,"column":6},"end":{"line":204,"column":30}},"73":{"start":{"line":212,"column":20},"end":{"line":212,"column":46}},"74":{"start":{"line":213,"column":4},"end":{"line":215,"column":5}},"75":{"start":{"line":214,"column":6},"end":{"line":214,"column":33}},"76":{"start":{"line":222,"column":20},"end":{"line":222,"column":46}},"77":{"start":{"line":223,"column":4},"end":{"line":226,"column":5}},"78":{"start":{"line":224,"column":6},"end":{"line":224,"column":73}},"79":{"start":{"line":225,"column":6},"end":{"line":225,"column":13}},"80":{"start":{"line":228,"column":4},"end":{"line":228,"column":80}},"81":{"start":{"line":229,"column":17},"end":{"line":229,"column":40}},"82":{"start":{"line":230,"column":4},"end":{"line":237,"column":7}},"83":{"start":{"line":231,"column":6},"end":{"line":236,"column":7}},"84":{"start":{"line":232,"column":8},"end":{"line":232,"column":72}},"85":{"start":{"line":233,"column":8},"end":{"line":233,"column":22}},"86":{"start":{"line":235,"column":8},"end":{"line":235,"column":65}},"87":{"start":{"line":244,"column":4},"end":{"line":244,"column":50}},"88":{"start":{"line":251,"column":32},"end":{"line":251,"column":36}},"89":{"start":{"line":252,"column":21},"end":{"line":252,"column":31}},"90":{"start":{"line":254,"column":4},"end":{"line":259,"column":5}},"91":{"start":{"line":255,"column":6},"end":{"line":258,"column":7}},"92":{"start":{"line":256,"column":8},"end":{"line":256,"column":25}},"93":{"start":{"line":257,"column":8},"end":{"line":257,"column":42}},"94":{"start":{"line":261,"column":4},"end":{"line":261,"column":18}},"95":{"start":{"line":268,"column":20},"end":{"line":268,"column":46}},"96":{"start":{"line":269,"column":4},"end":{"line":274,"column":5}},"97":{"start":{"line":270,"column":6},"end":{"line":270,"column":29}},"98":{"start":{"line":271,"column":6},"end":{"line":271,"column":48}},"99":{"start":{"line":271,"column":36},"end":{"line":271,"column":46}},"100":{"start":{"line":272,"column":6},"end":{"line":272,"column":36}},"101":{"start":{"line":273,"column":6},"end":{"line":273,"column":43}},"102":{"start":{"line":281,"column":4},"end":{"line":283,"column":7}},"103":{"start":{"line":282,"column":6},"end":{"line":282,"column":33}},"104":{"start":{"line":290,"column":4},"end":{"line":298,"column":14}},"105":{"start":{"line":291,"column":18},"end":{"line":291,"column":28}},"106":{"start":{"line":292,"column":6},"end":{"line":297,"column":7}},"107":{"start":{"line":293,"column":8},"end":{"line":296,"column":9}},"108":{"start":{"line":294,"column":10},"end":{"line":294,"column":62}},"109":{"start":{"line":295,"column":10},"end":{"line":295,"column":37}},"110":{"start":{"line":305,"column":4},"end":{"line":305,"column":33}}},"fnMap":{"0":{"name":"(anonymous_0)","decl":{"start":{"line":24,"column":2},"end":{"line":24,"column":8}},"loc":{"start":{"line":24,"column":25},"end":{"line":32,"column":3}}},"1":{"name":"(anonymous_1)","decl":{"start":{"line":37,"column":2},"end":{"line":37,"column":8}},"loc":{"start":{"line":37,"column":68},"end":{"line":88,"column":3}}},"2":{"name":"(anonymous_2)","decl":{"start":{"line":93,"column":10},"end":{"line":93,"column":16}},"loc":{"start":{"line":93,"column":55},"end":{"line":134,"column":3}}},"3":{"name":"(anonymous_3)","decl":{"start":{"line":101,"column":38},"end":{"line":101,"column":39}},"loc":{"start":{"line":101,"column":56},"end":{"line":126,"column":5}}},"4":{"name":"(anonymous_4)","decl":{"start":{"line":130,"column":40},"end":{"line":130,"column":41}},"loc":{"start":{"line":130,"column":58},"end":{"line":132,"column":7}}},"5":{"name":"(anonymous_5)","decl":{"start":{"line":139,"column":10},"end":{"line":139,"column":16}},"loc":{"start":{"line":139,"column":57},"end":{"line":158,"column":3}}},"6":{"name":"(anonymous_6)","decl":{"start":{"line":140,"column":31},"end":{"line":140,"column":32}},"loc":{"start":{"line":140,"column":40},"end":{"line":148,"column":5}}},"7":{"name":"(anonymous_7)","decl":{"start":{"line":150,"column":32},"end":{"line":150,"column":33}},"loc":{"start":{"line":150,"column":42},"end":{"line":157,"column":5}}},"8":{"name":"(anonymous_8)","decl":{"start":{"line":164,"column":2},"end":{"line":164,"column":8}},"loc":{"start":{"line":164,"column":100},"end":{"line":196,"column":3}}},"9":{"name":"(anonymous_9)","decl":{"start":{"line":201,"column":2},"end":{"line":201,"column":8}},"loc":{"start":{"line":201,"column":54},"end":{"line":206,"column":3}}},"10":{"name":"(anonymous_10)","decl":{"start":{"line":211,"column":2},"end":{"line":211,"column":8}},"loc":{"start":{"line":211,"column":56},"end":{"line":216,"column":3}}},"11":{"name":"(anonymous_11)","decl":{"start":{"line":221,"column":10},"end":{"line":221,"column":16}},"loc":{"start":{"line":221,"column":65},"end":{"line":238,"column":3}}},"12":{"name":"(anonymous_12)","decl":{"start":{"line":230,"column":28},"end":{"line":230,"column":29}},"loc":{"start":{"line":230,"column":35},"end":{"line":237,"column":5}}},"13":{"name":"(anonymous_13)","decl":{"start":{"line":243,"column":2},"end":{"line":243,"column":8}},"loc":{"start":{"line":243,"column":39},"end":{"line":245,"column":3}}},"14":{"name":"(anonymous_14)","decl":{"start":{"line":250,"column":10},"end":{"line":250,"column":16}},"loc":{"start":{"line":250,"column":41},"end":{"line":262,"column":3}}},"15":{"name":"(anonymous_15)","decl":{"start":{"line":267,"column":2},"end":{"line":267,"column":8}},"loc":{"start":{"line":267,"column":37},"end":{"line":275,"column":3}}},"16":{"name":"(anonymous_16)","decl":{"start":{"line":271,"column":30},"end":{"line":271,"column":32}},"loc":{"start":{"line":271,"column":36},"end":{"line":271,"column":46}}},"17":{"name":"(anonymous_17)","decl":{"start":{"line":280,"column":2},"end":{"line":280,"column":8}},"loc":{"start":{"line":280,"column":25},"end":{"line":284,"column":3}}},"18":{"name":"(anonymous_18)","decl":{"start":{"line":281,"column":26},"end":{"line":281,"column":27}},"loc":{"start":{"line":281,"column":47},"end":{"line":283,"column":5}}},"19":{"name":"(anonymous_19)","decl":{"start":{"line":289,"column":10},"end":{"line":289,"column":16}},"loc":{"start":{"line":289,"column":34},"end":{"line":299,"column":3}}},"20":{"name":"(anonymous_20)","decl":{"start":{"line":290,"column":16},"end":{"line":290,"column":19}},"loc":{"start":{"line":290,"column":21},"end":{"line":298,"column":5}}},"21":{"name":"(anonymous_21)","decl":{"start":{"line":304,"column":2},"end":{"line":304,"column":8}},"loc":{"start":{"line":304,"column":28},"end":{"line":306,"column":3}}}},"branchMap":{"0":{"loc":{"start":{"line":40,"column":4},"end":{"line":44,"column":5}},"type":"if","locations":[{"start":{"line":40,"column":4},"end":{"line":44,"column":5}},{"start":{},"end":{}}]},"1":{"loc":{"start":{"line":40,"column":8},"end":{"line":40,"column":54}},"type":"binary-expr","locations":[{"start":{"line":40,"column":8},"end":{"line":40,"column":16}},{"start":{"line":40,"column":20},"end":{"line":40,"column":54}}]},"2":{"loc":{"start":{"line":47,"column":4},"end":{"line":53,"column":5}},"type":"if","locations":[{"start":{"line":47,"column":4},"end":{"line":53,"column":5}},{"start":{},"end":{}}]},"3":{"loc":{"start":{"line":50,"column":6},"end":{"line":52,"column":7}},"type":"if","locations":[{"start":{"line":50,"column":6},"end":{"line":52,"column":7}},{"start":{},"end":{}}]},"4":{"loc":{"start":{"line":96,"column":4},"end":{"line":99,"column":5}},"type":"if","locations":[{"start":{"line":96,"column":4},"end":{"line":99,"column":5}},{"start":{},"end":{}}]},"5":{"loc":{"start":{"line":106,"column":8},"end":{"line":106,"column":35}},"type":"if","locations":[{"start":{"line":106,"column":8},"end":{"line":106,"column":35}},{"start":{},"end":{}}]},"6":{"loc":{"start":{"line":129,"column":4},"end":{"line":133,"column":5}},"type":"if","locations":[{"start":{"line":129,"column":4},"end":{"line":133,"column":5}},{"start":{},"end":{}}]},"7":{"loc":{"start":{"line":172,"column":6},"end":{"line":175,"column":7}},"type":"if","locations":[{"start":{"line":172,"column":6},"end":{"line":175,"column":7}},{"start":{},"end":{}}]},"8":{"loc":{"start":{"line":172,"column":10},"end":{"line":172,"column":34}},"type":"binary-expr","locations":[{"start":{"line":172,"column":10},"end":{"line":172,"column":22}},{"start":{"line":172,"column":26},"end":{"line":172,"column":34}}]},"9":{"loc":{"start":{"line":178,"column":6},"end":{"line":191,"column":7}},"type":"if","locations":[{"start":{"line":178,"column":6},"end":{"line":191,"column":7}},{"start":{"line":189,"column":13},"end":{"line":191,"column":7}}]},"10":{"loc":{"start":{"line":203,"column":4},"end":{"line":205,"column":5}},"type":"if","locations":[{"start":{"line":203,"column":4},"end":{"line":205,"column":5}},{"start":{},"end":{}}]},"11":{"loc":{"start":{"line":213,"column":4},"end":{"line":215,"column":5}},"type":"if","locations":[{"start":{"line":213,"column":4},"end":{"line":215,"column":5}},{"start":{},"end":{}}]},"12":{"loc":{"start":{"line":223,"column":4},"end":{"line":226,"column":5}},"type":"if","locations":[{"start":{"line":223,"column":4},"end":{"line":226,"column":5}},{"start":{},"end":{}}]},"13":{"loc":{"start":{"line":231,"column":6},"end":{"line":236,"column":7}},"type":"if","locations":[{"start":{"line":231,"column":6},"end":{"line":236,"column":7}},{"start":{"line":234,"column":13},"end":{"line":236,"column":7}}]},"14":{"loc":{"start":{"line":255,"column":6},"end":{"line":258,"column":7}},"type":"if","locations":[{"start":{"line":255,"column":6},"end":{"line":258,"column":7}},{"start":{},"end":{}}]},"15":{"loc":{"start":{"line":269,"column":4},"end":{"line":274,"column":5}},"type":"if","locations":[{"start":{"line":269,"column":4},"end":{"line":274,"column":5}},{"start":{},"end":{}}]},"16":{"loc":{"start":{"line":293,"column":8},"end":{"line":296,"column":9}},"type":"if","locations":[{"start":{"line":293,"column":8},"end":{"line":296,"column":9}},{"start":{},"end":{}}]}},"s":{"0":0,"1":0,"2":0,"3":0,"4":0,"5":0,"6":0,"7":0,"8":0,"9":0,"10":0,"11":0,"12":0,"13":0,"14":0,"15":0,"16":0,"17":0,"18":0,"19":0,"20":0,"21":0,"22":0,"23":0,"24":0,"25":0,"26":0,"27":0,"28":0,"29":0,"30":0,"31":0,"32":0,"33":0,"34":0,"35":0,"36":0,"37":0,"38":0,"39":0,"40":0,"41":0,"42":0,"43":0,"44":0,"45":0,"46":0,"47":0,"48":0,"49":0,"50":0,"51":0,"52":0,"53":0,"54":0,"55":0,"56":0,"57":0,"58":0,"59":0,"60":0,"61":0,"62":0,"63":0,"64":0,"65":0,"66":0,"67":0,"68":0,"69":0,"70":0,"71":0,"72":0,"73":0,"74":0,"75":0,"76":0,"77":0,"78":0,"79":0,"80":0,"81":0,"82":0,"83":0,"84":0,"85":0,"86":0,"87":0,"88":0,"89":0,"90":0,"91":0,"92":0,"93":0,"94":0,"95":0,"96":0,"97":0,"98":0,"99":0,"100":0,"101":0,"102":0,"103":0,"104":0,"105":0,"106":0,"107":0,"108":0,"109":0,"110":0},"f":{"0":0,"1":0,"2":0,"3":0,"4":0,"5":0,"6":0,"7":0,"8":0,"9":0,"10":0,"11":0,"12":0,"13":0,"14":0,"15":0,"16":0,"17":0,"18":0,"19":0,"20":0,"21":0},"b":{"0":[0,0],"1":[0,0],"2":[0,0],"3":[0,0],"4":[0,0],"5":[0,0],"6":[0,0],"7":[0,0],"8":[0,0],"9":[0,0],"10":[0,0],"11":[0,0],"12":[0,0],"13":[0,0],"14":[0,0],"15":[0,0],"16":[0,0]}}
,"C:\\WorkSpace\\PPT\\make-ppt-great-again\\backend\\src\\services\\tokenManager.ts": {"path":"C:\\WorkSpace\\PPT\\make-ppt-great-again\\backend\\src\\services\\tokenManager.ts","statementMap":{"0":{"start":{"line":9,"column":4},"end":{"line":9,"column":25}},"1":{"start":{"line":10,"column":4},"end":{"line":10,"column":51}},"2":{"start":{"line":14,"column":4},"end":{"line":16,"column":26}},"3":{"start":{"line":20,"column":4},"end":{"line":25,"column":5}},"4":{"start":{"line":21,"column":22},"end":{"line":21,"column":68}},"5":{"start":{"line":22,"column":6},"end":{"line":22,"column":21}},"6":{"start":{"line":24,"column":6},"end":{"line":24,"column":50}}},"fnMap":{"0":{"name":"(anonymous_0)","decl":{"start":{"line":8,"column":2},"end":{"line":8,"column":14}},"loc":{"start":{"line":8,"column":58},"end":{"line":11,"column":3}}},"1":{"name":"(anonymous_1)","decl":{"start":{"line":13,"column":2},"end":{"line":13,"column":15}},"loc":{"start":{"line":13,"column":37},"end":{"line":17,"column":3}}},"2":{"name":"(anonymous_2)","decl":{"start":{"line":19,"column":2},"end":{"line":19,"column":13}},"loc":{"start":{"line":19,"column":27},"end":{"line":26,"column":3}}}},"branchMap":{"0":{"loc":{"start":{"line":8,"column":30},"end":{"line":8,"column":58}},"type":"default-arg","locations":[{"start":{"line":8,"column":56},"end":{"line":8,"column":58}}]}},"s":{"0":7,"1":7,"2":6,"3":4,"4":4,"5":2,"6":2},"f":{"0":7,"1":6,"2":4},"b":{"0":[6]}}
,"C:\\WorkSpace\\PPT\\make-ppt-great-again\\backend\\src\\services\\userService.ts": {"path":"C:\\WorkSpace\\PPT\\make-ppt-great-again\\backend\\src\\services\\userService.ts","statementMap":{"0":{"start":{"line":10,"column":14},"end":{"line":10,"column":41}},"1":{"start":{"line":20,"column":4},"end":{"line":22,"column":5}},"2":{"start":{"line":21,"column":6},"end":{"line":21,"column":45}},"3":{"start":{"line":24,"column":23},"end":{"line":24,"column":25}},"4":{"start":{"line":25,"column":25},"end":{"line":25,"column":64}},"5":{"start":{"line":26,"column":4},"end":{"line":26,"column":52}},"6":{"start":{"line":36,"column":17},"end":{"line":36,"column":36}},"7":{"start":{"line":37,"column":4},"end":{"line":39,"column":5}},"8":{"start":{"line":38,"column":6},"end":{"line":38,"column":19}},"9":{"start":{"line":41,"column":4},"end":{"line":41,"column":55}},"10":{"start":{"line":50,"column":4},"end":{"line":50,"column":31}},"11":{"start":{"line":57,"column":4},"end":{"line":57,"column":18}},"12":{"start":{"line":62,"column":0},"end":{"line":62,"column":74}}},"fnMap":{"0":{"name":"(anonymous_0)","decl":{"start":{"line":19,"column":2},"end":{"line":19,"column":8}},"loc":{"start":{"line":19,"column":60},"end":{"line":27,"column":3}}},"1":{"name":"(anonymous_1)","decl":{"start":{"line":35,"column":2},"end":{"line":35,"column":8}},"loc":{"start":{"line":35,"column":62},"end":{"line":42,"column":3}}},"2":{"name":"(anonymous_2)","decl":{"start":{"line":49,"column":2},"end":{"line":49,"column":8}},"loc":{"start":{"line":49,"column":36},"end":{"line":51,"column":3}}},"3":{"name":"(anonymous_3)","decl":{"start":{"line":56,"column":2},"end":{"line":56,"column":8}},"loc":{"start":{"line":56,"column":22},"end":{"line":58,"column":3}}}},"branchMap":{"0":{"loc":{"start":{"line":20,"column":4},"end":{"line":22,"column":5}},"type":"if","locations":[{"start":{"line":20,"column":4},"end":{"line":22,"column":5}},{"start":{},"end":{}}]},"1":{"loc":{"start":{"line":37,"column":4},"end":{"line":39,"column":5}},"type":"if","locations":[{"start":{"line":37,"column":4},"end":{"line":39,"column":5}},{"start":{},"end":{}}]}},"s":{"0":1,"1":4,"2":1,"3":3,"4":3,"5":3,"6":2,"7":2,"8":0,"9":2,"10":0,"11":0,"12":1},"f":{"0":4,"1":2,"2":0,"3":0},"b":{"0":[1,3],"1":[0,2]}}
,"C:\\WorkSpace\\PPT\\make-ppt-great-again\\backend\\src\\services\\versionManager.ts": {"path":"C:\\WorkSpace\\PPT\\make-ppt-great-again\\backend\\src\\services\\versionManager.ts","statementMap":{"0":{"start":{"line":7,"column":32},"end":{"line":16,"column":2}},"1":{"start":{"line":13,"column":6},"end":{"line":13,"column":18}},"2":{"start":{"line":20,"column":4},"end":{"line":20,"column":37}},"3":{"start":{"line":24,"column":18},"end":{"line":24,"column":22}},"4":{"start":{"line":25,"column":4},"end":{"line":29,"column":5}},"5":{"start":{"line":26,"column":24},"end":{"line":26,"column":72}},"6":{"start":{"line":26,"column":45},"end":{"line":26,"column":71}},"7":{"start":{"line":27,"column":6},"end":{"line":27,"column":28}},"8":{"start":{"line":27,"column":22},"end":{"line":27,"column":28}},"9":{"start":{"line":28,"column":6},"end":{"line":28,"column":43}},"10":{"start":{"line":30,"column":4},"end":{"line":30,"column":19}},"11":{"start":{"line":34,"column":4},"end":{"line":34,"column":17}}},"fnMap":{"0":{"name":"(anonymous_0)","decl":{"start":{"line":11,"column":13},"end":{"line":11,"column":14}},"loc":{"start":{"line":11,"column":22},"end":{"line":14,"column":5}}},"1":{"name":"(anonymous_1)","decl":{"start":{"line":19,"column":2},"end":{"line":19,"column":8}},"loc":{"start":{"line":19,"column":40},"end":{"line":21,"column":3}}},"2":{"name":"(anonymous_2)","decl":{"start":{"line":23,"column":2},"end":{"line":23,"column":8}},"loc":{"start":{"line":23,"column":26},"end":{"line":31,"column":3}}},"3":{"name":"(anonymous_3)","decl":{"start":{"line":26,"column":40},"end":{"line":26,"column":41}},"loc":{"start":{"line":26,"column":45},"end":{"line":26,"column":71}}},"4":{"name":"(anonymous_4)","decl":{"start":{"line":33,"column":2},"end":{"line":33,"column":8}},"loc":{"start":{"line":33,"column":25},"end":{"line":35,"column":3}}}},"branchMap":{"0":{"loc":{"start":{"line":27,"column":6},"end":{"line":27,"column":28}},"type":"if","locations":[{"start":{"line":27,"column":6},"end":{"line":27,"column":28}},{"start":{},"end":{}}]}},"s":{"0":0,"1":0,"2":0,"3":0,"4":0,"5":0,"6":0,"7":0,"8":0,"9":0,"10":0,"11":0},"f":{"0":0,"1":0,"2":0,"3":0,"4":0},"b":{"0":[0,0]}}
}
